#
# There is insufficient memory for the Java Runtime Environment to continue.
# Native memory allocation (mmap) failed to map 54525952 bytes for Failed to commit area from 0x0000000711c00000 to 0x0000000715000000 of length 54525952.
# Possible reasons:
#   The system is out of physical RAM or swap space
#   The process is running with CompressedOops enabled, and the Java Heap may be blocking the growth of the native heap
# Possible solutions:
#   Reduce memory load on the system
#   Increase physical memory or swap space
#   Check if swap backing store is full
#   Decrease Java heap size (-Xmx/-Xms)
#   Decrease number of Java threads
#   Decrease Java thread stack sizes (-Xss)
#   Set larger code cache with -XX:ReservedCodeCacheSize=
#   JVM is running with Zero Based Compressed Oops mode in which the Java heap is
#     placed in the first 32GB address space. The Java Heap base address is the
#     maximum limit for the native heap growth. Please use -XX:HeapBaseMinAddress
#     to set the Java Heap base and to place the Java Heap above 32GB virtual address.
# This output file may be truncated or incomplete.
#
#  Out of Memory Error (./src/hotspot/os/windows/os_windows.cpp:3301), pid=20464, tid=9556
#
# JRE version: OpenJDK Runtime Environment 18.9 (11.0.10+9) (build 11.0.10+9-LTS)
# Java VM: OpenJDK 64-Bit Server VM 18.9 (11.0.10+9-LTS, mixed mode, tiered, compressed oops, g1 gc, windows-amd64)
# No core dump will be written. Minidumps are not enabled by default on client versions of Windows
#

---------------  S U M M A R Y ------------

Command Line: -Dcom.sun.management.jmxremote -Dcom.sun.management.jmxremote.port=54338 -Dcom.sun.management.jmxremote.authenticate=false -Dcom.sun.management.jmxremote.ssl=false -Djava.rmi.server.hostname=localhost -Dspring.jmx.enabled=true -Dspring.application.admin.enabled=true -XX:TieredStopAtLevel=1 -Dspring.boot.project.name=SpringBoot_CRUD -Dfile.encoding=UTF-8 com.infotran.springboot.SpringBootCrudApplication --spring.output.ansi.enabled=always

Host: Intel(R) Core(TM) i7-7700HQ CPU @ 2.80GHz, 8 cores, 15G,  Windows 10 , 64 bit Build 19041 (10.0.19041.1202)
Time: Thu Oct 21 16:57:48 2021 台北標準時間 elapsed time: 4.028937 seconds (0d 0h 0m 4s)

---------------  T H R E A D  ---------------

Current thread (0x0000021e684bb000):  VMThread "VM Thread" [stack: 0x00000063e0800000,0x00000063e0900000] [id=9556]

Stack: [0x00000063e0800000,0x00000063e0900000]
[error occurred during error reporting (printing stack bounds), id 0xc0000005, EXCEPTION_ACCESS_VIOLATION (0xc0000005) at pc=0x0000021e4cf00f2d]

Native frames: (J=compiled Java code, j=interpreted, Vv=VM code, C=native code)
V  [jvm.dll+0x5f35ca]
V  [jvm.dll+0x77c63e]
V  [jvm.dll+0x77dd0f]
V  [jvm.dll+0x77e335]
V  [jvm.dll+0x77e2eb]
V  [jvm.dll+0x5f2ab3]
V  [jvm.dll+0x5f31c8]
C  [ntdll.dll+0xa20cf]
C  [ntdll.dll+0x51454]
C  [ntdll.dll+0xa0bfe]
C  0x0000021e4cf00f2d

VM_Operation (0x00000063e1bf9770): G1CollectForAllocation, mode: safepoint, requested by thread 0x0000021e68deb000


---------------  P R O C E S S  ---------------

Threads class SMR info:
_java_thread_list=0x0000021e6ad024c0, length=21, elements={
0x0000021e44822000, 0x0000021e684bf800, 0x0000021e684c8800, 0x0000021e68ddd800,
0x0000021e68dde800, 0x0000021e68de8800, 0x0000021e68dea000, 0x0000021e68dee000,
0x0000021e68def000, 0x0000021e68df0000, 0x0000021e68ded800, 0x0000021e68df0800,
0x0000021e68deb800, 0x0000021e68deb000, 0x0000021e68df1800, 0x0000021e68dec800,
0x0000021e6a311000, 0x0000021e6a312000, 0x0000021e6a313800, 0x0000021e6a30f800,
0x0000021e6a312800
}

Java Threads: ( => current thread )
  0x0000021e44822000 JavaThread "main" [_thread_blocked, id=19908, stack(0x00000063e0200000,0x00000063e0300000)]
  0x0000021e684bf800 JavaThread "Reference Handler" daemon [_thread_blocked, id=18692, stack(0x00000063e0900000,0x00000063e0a00000)]
  0x0000021e684c8800 JavaThread "Finalizer" daemon [_thread_blocked, id=12964, stack(0x00000063e0a00000,0x00000063e0b00000)]
  0x0000021e68ddd800 JavaThread "Signal Dispatcher" daemon [_thread_blocked, id=2852, stack(0x00000063e0b00000,0x00000063e0c00000)]
  0x0000021e68dde800 JavaThread "Attach Listener" daemon [_thread_blocked, id=9800, stack(0x00000063e0c00000,0x00000063e0d00000)]
  0x0000021e68de8800 JavaThread "Service Thread" daemon [_thread_blocked, id=19476, stack(0x00000063e0d00000,0x00000063e0e00000)]
  0x0000021e68dea000 JavaThread "C1 CompilerThread0" daemon [_thread_blocked, id=15772, stack(0x00000063e0e00000,0x00000063e0f00000)]
  0x0000021e68dee000 JavaThread "Sweeper thread" daemon [_thread_blocked, id=15484, stack(0x00000063e0f00000,0x00000063e1000000)]
  0x0000021e68def000 JavaThread "Common-Cleaner" daemon [_thread_blocked, id=17788, stack(0x00000063e1000000,0x00000063e1100000)]
  0x0000021e68df0000 JavaThread "RMI TCP Accept-0" daemon [_thread_in_native, id=5856, stack(0x00000063e1100000,0x00000063e1200000)]
  0x0000021e68ded800 JavaThread "RMI TCP Accept-54338" daemon [_thread_in_native, id=15784, stack(0x00000063e1200000,0x00000063e1300000)]
  0x0000021e68df0800 JavaThread "RMI TCP Accept-0" daemon [_thread_in_native, id=7452, stack(0x00000063e1300000,0x00000063e1400000)]
  0x0000021e68deb800 JavaThread "Thread-0" [_thread_blocked, id=15180, stack(0x00000063e1a00000,0x00000063e1b00000)]
  0x0000021e68deb000 JavaThread "restartedMain" [_thread_blocked, id=13000, stack(0x00000063e1b00000,0x00000063e1c00000)]
  0x0000021e68df1800 JavaThread "RMI TCP Connection(1)-127.0.0.1" daemon [_thread_in_native, id=13048, stack(0x00000063e1c00000,0x00000063e1d00000)]
  0x0000021e68dec800 JavaThread "RMI TCP Connection(2)-127.0.0.1" daemon [_thread_in_native, id=8568, stack(0x00000063e1d00000,0x00000063e1e00000)]
  0x0000021e6a311000 JavaThread "RMI Scheduler(0)" daemon [_thread_blocked, id=14976, stack(0x00000063e1e00000,0x00000063e1f00000)]
  0x0000021e6a312000 JavaThread "JMX server connection timeout 23" daemon [_thread_blocked, id=772, stack(0x00000063e1f00000,0x00000063e2000000)]
  0x0000021e6a313800 JavaThread "Catalina-utility-1" [_thread_blocked, id=16652, stack(0x00000063e2000000,0x00000063e2100000)]
  0x0000021e6a30f800 JavaThread "Catalina-utility-2" [_thread_blocked, id=12800, stack(0x00000063e2400000,0x00000063e2500000)]
  0x0000021e6a312800 JavaThread "container-0" [_thread_blocked, id=19968, stack(0x00000063e2500000,0x00000063e2600000)]

Other Threads:
=>0x0000021e684bb000 VMThread "VM Thread" [stack: 0x00000063e0800000,0x00000063e0900000] [id=9556]
  0x0000021e69496000 WatcherThread [stack: 0x00000063e1400000,0x00000063e1500000] [id=19016]
  0x0000021e4483b000 GCTaskThread "GC Thread#0" [stack: 0x00000063e0300000,0x00000063e0400000] [id=16804]
  0x0000021e698aa800 GCTaskThread "GC Thread#1" [stack: 0x00000063e1500000,0x00000063e1600000] [id=19508]
  0x0000021e698a8800 GCTaskThread "GC Thread#2" [stack: 0x00000063e1600000,0x00000063e1700000] [id=4108]
  0x0000021e698ad000 GCTaskThread "GC Thread#3" [stack: 0x00000063e1700000,0x00000063e1800000] [id=20232]
  0x0000021e698a9000 GCTaskThread "GC Thread#4" [stack: 0x00000063e1800000,0x00000063e1900000] [id=4580]
  0x0000021e698ad800 GCTaskThread "GC Thread#5" [stack: 0x00000063e1900000,0x00000063e1a00000] [id=11056]
  0x0000021e698ab800 GCTaskThread "GC Thread#6" [stack: 0x00000063e2100000,0x00000063e2200000] [id=17952]
  0x0000021e698ac000 GCTaskThread "GC Thread#7" [stack: 0x00000063e2200000,0x00000063e2300000] [id=5756]
  0x0000021e4489a800 ConcurrentGCThread "G1 Main Marker" [stack: 0x00000063e0400000,0x00000063e0500000] [id=13684]
  0x0000021e448a1000 ConcurrentGCThread "G1 Conc#0" [stack: 0x00000063e0500000,0x00000063e0600000] [id=20372]
  0x0000021e698a8000 ConcurrentGCThread "G1 Conc#1" [stack: 0x00000063e2300000,0x00000063e2400000] [id=9988]
  0x0000021e683a8000 ConcurrentGCThread "G1 Refine#0" [stack: 0x00000063e0600000,0x00000063e0700000] [id=15428]
  0x0000021e683a9000 ConcurrentGCThread "G1 Young RemSet Sampling" [stack: 0x00000063e0700000,0x00000063e0800000] [id=7424]

Threads with active compile tasks:

VM state:at safepoint (normal execution)

VM Mutex/Monitor currently owned by a thread:  ([mutex/lock_event])
[0x0000021e448202f0] Threads_lock - owner thread: 0x0000021e684bb000
[0x0000021e44821460] Heap_lock - owner thread: 0x0000021e68deb000

Heap address: 0x0000000701c00000, size: 4068 MB, Compressed Oops mode: Zero based, Oop shift amount: 3
Narrow klass base: 0x0000000800000000, Narrow klass shift: 0
Compressed class space size: 1073741824 Address: 0x0000000800000000

Heap:
 garbage-first heap   total 315392K, used 18670K [0x0000000701c00000, 0x0000000800000000)
  region size 1024K, 12 young (12288K), 12 survivors (12288K)
 Metaspace       used 43025K, capacity 44514K, committed 44672K, reserved 1087488K
  class space    used 5429K, capacity 5989K, committed 6016K, reserved 1048576K
Heap Regions: E=young(eden), S=young(survivor), O=old, HS=humongous(starts), HC=humongous(continues), CS=collection set, F=free, A=archive, TAMS=top-at-mark-start (previous, next)
|   0|0x0000000701c00000, 0x0000000701d00000, 0x0000000701d00000|100%|HS|  |TAMS 0x0000000701d00000, 0x0000000701c00000| Complete 
|   1|0x0000000701d00000, 0x0000000701e00000, 0x0000000701e00000|100%| O|  |TAMS 0x0000000701e00000, 0x0000000701d00000| Untracked 
|   2|0x0000000701e00000, 0x0000000701f00000, 0x0000000701f00000|100%| O|  |TAMS 0x0000000701f00000, 0x0000000701e00000| Untracked 
|   3|0x0000000701f00000, 0x0000000702000000, 0x0000000702000000|100%| O|  |TAMS 0x0000000702000000, 0x0000000701f00000| Untracked 
|   4|0x0000000702000000, 0x0000000702100000, 0x0000000702100000|100%| O|  |TAMS 0x0000000702100000, 0x0000000702000000| Untracked 
|   5|0x0000000702100000, 0x0000000702200000, 0x0000000702200000|100%| O|  |TAMS 0x0000000702200000, 0x0000000702100000| Untracked 
|   6|0x0000000702200000, 0x00000007022eae00, 0x0000000702300000| 91%| O|  |TAMS 0x00000007022eae00, 0x0000000702200000| Untracked 
|   7|0x0000000702300000, 0x0000000702300000, 0x0000000702400000|  0%| F|  |TAMS 0x0000000702300000, 0x0000000702300000| Untracked 
|   8|0x0000000702400000, 0x0000000702400000, 0x0000000702500000|  0%| F|  |TAMS 0x0000000702400000, 0x0000000702400000| Untracked 
|   9|0x0000000702500000, 0x0000000702500000, 0x0000000702600000|  0%| F|  |TAMS 0x0000000702500000, 0x0000000702500000| Untracked 
|  10|0x0000000702600000, 0x0000000702600000, 0x0000000702700000|  0%| F|  |TAMS 0x0000000702600000, 0x0000000702600000| Untracked 
|  11|0x0000000702700000, 0x0000000702700000, 0x0000000702800000|  0%| F|  |TAMS 0x0000000702700000, 0x0000000702700000| Untracked 
|  12|0x0000000702800000, 0x0000000702800000, 0x0000000702900000|  0%| F|  |TAMS 0x0000000702800000, 0x0000000702800000| Untracked 
|  13|0x0000000702900000, 0x0000000702900000, 0x0000000702a00000|  0%| F|  |TAMS 0x0000000702900000, 0x0000000702900000| Untracked 
|  14|0x0000000702a00000, 0x0000000702a00000, 0x0000000702b00000|  0%| F|  |TAMS 0x0000000702a00000, 0x0000000702a00000| Untracked 
|  15|0x0000000702b00000, 0x0000000702b00000, 0x0000000702c00000|  0%| F|  |TAMS 0x0000000702b00000, 0x0000000702b00000| Untracked 
|  16|0x0000000702c00000, 0x0000000702c00000, 0x0000000702d00000|  0%| F|  |TAMS 0x0000000702c00000, 0x0000000702c00000| Untracked 
|  17|0x0000000702d00000, 0x0000000702d00000, 0x0000000702e00000|  0%| F|  |TAMS 0x0000000702d00000, 0x0000000702d00000| Untracked 
|  18|0x0000000702e00000, 0x0000000702e00000, 0x0000000702f00000|  0%| F|  |TAMS 0x0000000702e00000, 0x0000000702e00000| Untracked 
|  19|0x0000000702f00000, 0x0000000702f00000, 0x0000000703000000|  0%| F|  |TAMS 0x0000000702f00000, 0x0000000702f00000| Untracked 
|  20|0x0000000703000000, 0x0000000703000000, 0x0000000703100000|  0%| F|  |TAMS 0x0000000703000000, 0x0000000703000000| Untracked 
|  21|0x0000000703100000, 0x0000000703100000, 0x0000000703200000|  0%| F|  |TAMS 0x0000000703100000, 0x0000000703100000| Untracked 
|  22|0x0000000703200000, 0x0000000703200000, 0x0000000703300000|  0%| F|  |TAMS 0x0000000703200000, 0x0000000703200000| Untracked 
|  23|0x0000000703300000, 0x0000000703300000, 0x0000000703400000|  0%| F|  |TAMS 0x0000000703300000, 0x0000000703300000| Untracked 
|  24|0x0000000703400000, 0x0000000703400000, 0x0000000703500000|  0%| F|  |TAMS 0x0000000703400000, 0x0000000703400000| Untracked 
|  25|0x0000000703500000, 0x0000000703500000, 0x0000000703600000|  0%| F|  |TAMS 0x0000000703500000, 0x0000000703500000| Untracked 
|  26|0x0000000703600000, 0x0000000703600000, 0x0000000703700000|  0%| F|  |TAMS 0x0000000703600000, 0x0000000703600000| Untracked 
|  27|0x0000000703700000, 0x0000000703700000, 0x0000000703800000|  0%| F|  |TAMS 0x0000000703700000, 0x0000000703700000| Untracked 
|  28|0x0000000703800000, 0x0000000703800000, 0x0000000703900000|  0%| F|  |TAMS 0x0000000703800000, 0x0000000703800000| Untracked 
|  29|0x0000000703900000, 0x0000000703900000, 0x0000000703a00000|  0%| F|  |TAMS 0x0000000703900000, 0x0000000703900000| Untracked 
|  30|0x0000000703a00000, 0x0000000703a00000, 0x0000000703b00000|  0%| F|  |TAMS 0x0000000703a00000, 0x0000000703a00000| Untracked 
|  31|0x0000000703b00000, 0x0000000703b00000, 0x0000000703c00000|  0%| F|  |TAMS 0x0000000703b00000, 0x0000000703b00000| Untracked 
|  32|0x0000000703c00000, 0x0000000703c00000, 0x0000000703d00000|  0%| F|  |TAMS 0x0000000703c00000, 0x0000000703c00000| Untracked 
|  33|0x0000000703d00000, 0x0000000703d00000, 0x0000000703e00000|  0%| F|  |TAMS 0x0000000703d00000, 0x0000000703d00000| Untracked 
|  34|0x0000000703e00000, 0x0000000703e00000, 0x0000000703f00000|  0%| F|  |TAMS 0x0000000703e00000, 0x0000000703e00000| Untracked 
|  35|0x0000000703f00000, 0x0000000703f00000, 0x0000000704000000|  0%| F|  |TAMS 0x0000000703f00000, 0x0000000703f00000| Untracked 
|  36|0x0000000704000000, 0x0000000704000000, 0x0000000704100000|  0%| F|  |TAMS 0x0000000704000000, 0x0000000704000000| Untracked 
|  37|0x0000000704100000, 0x0000000704100000, 0x0000000704200000|  0%| F|  |TAMS 0x0000000704100000, 0x0000000704100000| Untracked 
|  38|0x0000000704200000, 0x0000000704200000, 0x0000000704300000|  0%| F|  |TAMS 0x0000000704200000, 0x0000000704200000| Untracked 
|  39|0x0000000704300000, 0x0000000704300000, 0x0000000704400000|  0%| F|  |TAMS 0x0000000704300000, 0x0000000704300000| Untracked 
|  40|0x0000000704400000, 0x0000000704400000, 0x0000000704500000|  0%| F|  |TAMS 0x0000000704400000, 0x0000000704400000| Untracked 
|  41|0x0000000704500000, 0x0000000704500000, 0x0000000704600000|  0%| F|  |TAMS 0x0000000704500000, 0x0000000704500000| Untracked 
|  42|0x0000000704600000, 0x0000000704600000, 0x0000000704700000|  0%| F|  |TAMS 0x0000000704600000, 0x0000000704600000| Untracked 
|  43|0x0000000704700000, 0x0000000704700000, 0x0000000704800000|  0%| F|  |TAMS 0x0000000704700000, 0x0000000704700000| Untracked 
|  44|0x0000000704800000, 0x0000000704800000, 0x0000000704900000|  0%| F|  |TAMS 0x0000000704800000, 0x0000000704800000| Untracked 
|  45|0x0000000704900000, 0x0000000704900000, 0x0000000704a00000|  0%| F|  |TAMS 0x0000000704900000, 0x0000000704900000| Untracked 
|  46|0x0000000704a00000, 0x0000000704a00000, 0x0000000704b00000|  0%| F|  |TAMS 0x0000000704a00000, 0x0000000704a00000| Untracked 
|  47|0x0000000704b00000, 0x0000000704b00000, 0x0000000704c00000|  0%| F|  |TAMS 0x0000000704b00000, 0x0000000704b00000| Untracked 
|  48|0x0000000704c00000, 0x0000000704c00000, 0x0000000704d00000|  0%| F|  |TAMS 0x0000000704c00000, 0x0000000704c00000| Untracked 
|  49|0x0000000704d00000, 0x0000000704d00000, 0x0000000704e00000|  0%| F|  |TAMS 0x0000000704d00000, 0x0000000704d00000| Untracked 
|  50|0x0000000704e00000, 0x0000000704e00000, 0x0000000704f00000|  0%| F|  |TAMS 0x0000000704e00000, 0x0000000704e00000| Untracked 
|  51|0x0000000704f00000, 0x0000000704f00000, 0x0000000705000000|  0%| F|  |TAMS 0x0000000704f00000, 0x0000000704f00000| Untracked 
|  52|0x0000000705000000, 0x0000000705000000, 0x0000000705100000|  0%| F|  |TAMS 0x0000000705000000, 0x0000000705000000| Untracked 
|  53|0x0000000705100000, 0x0000000705100000, 0x0000000705200000|  0%| F|  |TAMS 0x0000000705100000, 0x0000000705100000| Untracked 
|  54|0x0000000705200000, 0x0000000705200000, 0x0000000705300000|  0%| F|  |TAMS 0x0000000705200000, 0x0000000705200000| Untracked 
|  55|0x0000000705300000, 0x0000000705300000, 0x0000000705400000|  0%| F|  |TAMS 0x0000000705300000, 0x0000000705300000| Untracked 
|  56|0x0000000705400000, 0x0000000705400000, 0x0000000705500000|  0%| F|  |TAMS 0x0000000705400000, 0x0000000705400000| Untracked 
|  57|0x0000000705500000, 0x0000000705500000, 0x0000000705600000|  0%| F|  |TAMS 0x0000000705500000, 0x0000000705500000| Untracked 
|  58|0x0000000705600000, 0x0000000705600000, 0x0000000705700000|  0%| F|  |TAMS 0x0000000705600000, 0x0000000705600000| Untracked 
|  59|0x0000000705700000, 0x0000000705700000, 0x0000000705800000|  0%| F|  |TAMS 0x0000000705700000, 0x0000000705700000| Untracked 
|  60|0x0000000705800000, 0x0000000705800000, 0x0000000705900000|  0%| F|  |TAMS 0x0000000705800000, 0x0000000705800000| Untracked 
|  61|0x0000000705900000, 0x0000000705900000, 0x0000000705a00000|  0%| F|  |TAMS 0x0000000705900000, 0x0000000705900000| Untracked 
|  62|0x0000000705a00000, 0x0000000705a00000, 0x0000000705b00000|  0%| F|  |TAMS 0x0000000705a00000, 0x0000000705a00000| Untracked 
|  63|0x0000000705b00000, 0x0000000705b00000, 0x0000000705c00000|  0%| F|  |TAMS 0x0000000705b00000, 0x0000000705b00000| Untracked 
|  64|0x0000000705c00000, 0x0000000705c00000, 0x0000000705d00000|  0%| F|  |TAMS 0x0000000705c00000, 0x0000000705c00000| Untracked 
|  65|0x0000000705d00000, 0x0000000705d00000, 0x0000000705e00000|  0%| F|  |TAMS 0x0000000705d00000, 0x0000000705d00000| Untracked 
|  66|0x0000000705e00000, 0x0000000705e00000, 0x0000000705f00000|  0%| F|  |TAMS 0x0000000705e00000, 0x0000000705e00000| Untracked 
|  67|0x0000000705f00000, 0x0000000705f00000, 0x0000000706000000|  0%| F|  |TAMS 0x0000000705f00000, 0x0000000705f00000| Untracked 
|  68|0x0000000706000000, 0x0000000706000000, 0x0000000706100000|  0%| F|  |TAMS 0x0000000706000000, 0x0000000706000000| Untracked 
|  69|0x0000000706100000, 0x0000000706100000, 0x0000000706200000|  0%| F|  |TAMS 0x0000000706100000, 0x0000000706100000| Untracked 
|  70|0x0000000706200000, 0x0000000706200000, 0x0000000706300000|  0%| F|  |TAMS 0x0000000706200000, 0x0000000706200000| Untracked 
|  71|0x0000000706300000, 0x0000000706300000, 0x0000000706400000|  0%| F|  |TAMS 0x0000000706300000, 0x0000000706300000| Untracked 
|  72|0x0000000706400000, 0x0000000706400000, 0x0000000706500000|  0%| F|  |TAMS 0x0000000706400000, 0x0000000706400000| Untracked 
|  73|0x0000000706500000, 0x0000000706500000, 0x0000000706600000|  0%| F|  |TAMS 0x0000000706500000, 0x0000000706500000| Untracked 
|  74|0x0000000706600000, 0x0000000706600000, 0x0000000706700000|  0%| F|  |TAMS 0x0000000706600000, 0x0000000706600000| Untracked 
|  75|0x0000000706700000, 0x0000000706700000, 0x0000000706800000|  0%| F|  |TAMS 0x0000000706700000, 0x0000000706700000| Untracked 
|  76|0x0000000706800000, 0x0000000706800000, 0x0000000706900000|  0%| F|  |TAMS 0x0000000706800000, 0x0000000706800000| Untracked 
|  77|0x0000000706900000, 0x0000000706900000, 0x0000000706a00000|  0%| F|  |TAMS 0x0000000706900000, 0x0000000706900000| Untracked 
|  78|0x0000000706a00000, 0x0000000706a00000, 0x0000000706b00000|  0%| F|  |TAMS 0x0000000706a00000, 0x0000000706a00000| Untracked 
|  79|0x0000000706b00000, 0x0000000706b00000, 0x0000000706c00000|  0%| F|  |TAMS 0x0000000706b00000, 0x0000000706b00000| Untracked 
|  80|0x0000000706c00000, 0x0000000706c00000, 0x0000000706d00000|  0%| F|  |TAMS 0x0000000706c00000, 0x0000000706c00000| Untracked 
|  81|0x0000000706d00000, 0x0000000706d00000, 0x0000000706e00000|  0%| F|  |TAMS 0x0000000706d00000, 0x0000000706d00000| Untracked 
|  82|0x0000000706e00000, 0x0000000706e00000, 0x0000000706f00000|  0%| F|  |TAMS 0x0000000706e00000, 0x0000000706e00000| Untracked 
|  83|0x0000000706f00000, 0x0000000706f00000, 0x0000000707000000|  0%| F|  |TAMS 0x0000000706f00000, 0x0000000706f00000| Untracked 
|  84|0x0000000707000000, 0x0000000707000000, 0x0000000707100000|  0%| F|  |TAMS 0x0000000707000000, 0x0000000707000000| Untracked 
|  85|0x0000000707100000, 0x0000000707100000, 0x0000000707200000|  0%| F|  |TAMS 0x0000000707100000, 0x0000000707100000| Untracked 
|  86|0x0000000707200000, 0x0000000707200000, 0x0000000707300000|  0%| F|  |TAMS 0x0000000707200000, 0x0000000707200000| Untracked 
|  87|0x0000000707300000, 0x0000000707300000, 0x0000000707400000|  0%| F|  |TAMS 0x0000000707300000, 0x0000000707300000| Untracked 
|  88|0x0000000707400000, 0x0000000707400000, 0x0000000707500000|  0%| F|  |TAMS 0x0000000707400000, 0x0000000707400000| Untracked 
|  89|0x0000000707500000, 0x0000000707500000, 0x0000000707600000|  0%| F|  |TAMS 0x0000000707500000, 0x0000000707500000| Untracked 
|  90|0x0000000707600000, 0x0000000707600000, 0x0000000707700000|  0%| F|  |TAMS 0x0000000707600000, 0x0000000707600000| Untracked 
|  91|0x0000000707700000, 0x0000000707750d30, 0x0000000707800000| 31%| S|CS|TAMS 0x0000000707700000, 0x0000000707700000| Complete 
|  92|0x0000000707800000, 0x0000000707900000, 0x0000000707900000|100%| S|CS|TAMS 0x0000000707800000, 0x0000000707800000| Complete 
|  93|0x0000000707900000, 0x0000000707a00000, 0x0000000707a00000|100%| S|CS|TAMS 0x0000000707900000, 0x0000000707900000| Complete 
|  94|0x0000000707a00000, 0x0000000707b00000, 0x0000000707b00000|100%| S|CS|TAMS 0x0000000707a00000, 0x0000000707a00000| Complete 
|  95|0x0000000707b00000, 0x0000000707c00000, 0x0000000707c00000|100%| S|CS|TAMS 0x0000000707b00000, 0x0000000707b00000| Complete 
|  96|0x0000000707c00000, 0x0000000707d00000, 0x0000000707d00000|100%| S|CS|TAMS 0x0000000707c00000, 0x0000000707c00000| Complete 
|  97|0x0000000707d00000, 0x0000000707e00000, 0x0000000707e00000|100%| S|CS|TAMS 0x0000000707d00000, 0x0000000707d00000| Complete 
|  98|0x0000000707e00000, 0x0000000707f00000, 0x0000000707f00000|100%| S|CS|TAMS 0x0000000707e00000, 0x0000000707e00000| Complete 
|  99|0x0000000707f00000, 0x0000000708000000, 0x0000000708000000|100%| S|CS|TAMS 0x0000000707f00000, 0x0000000707f00000| Complete 
| 100|0x0000000708000000, 0x0000000708100000, 0x0000000708100000|100%| S|CS|TAMS 0x0000000708000000, 0x0000000708000000| Complete 
| 101|0x0000000708100000, 0x0000000708200000, 0x0000000708200000|100%| S|CS|TAMS 0x0000000708100000, 0x0000000708100000| Complete 
| 102|0x0000000708200000, 0x0000000708300000, 0x0000000708300000|100%| S|CS|TAMS 0x0000000708200000, 0x0000000708200000| Complete 
| 103|0x0000000708300000, 0x0000000708300000, 0x0000000708400000|  0%| F|  |TAMS 0x0000000708300000, 0x0000000708300000| Untracked 
| 104|0x0000000708400000, 0x0000000708400000, 0x0000000708500000|  0%| F|  |TAMS 0x0000000708400000, 0x0000000708400000| Untracked 
| 105|0x0000000708500000, 0x0000000708500000, 0x0000000708600000|  0%| F|  |TAMS 0x0000000708500000, 0x0000000708500000| Untracked 
| 106|0x0000000708600000, 0x0000000708600000, 0x0000000708700000|  0%| F|  |TAMS 0x0000000708600000, 0x0000000708600000| Untracked 
| 107|0x0000000708700000, 0x0000000708700000, 0x0000000708800000|  0%| F|  |TAMS 0x0000000708700000, 0x0000000708700000| Untracked 
| 108|0x0000000708800000, 0x0000000708800000, 0x0000000708900000|  0%| F|  |TAMS 0x0000000708800000, 0x0000000708800000| Untracked 
| 109|0x0000000708900000, 0x0000000708900000, 0x0000000708a00000|  0%| F|  |TAMS 0x0000000708900000, 0x0000000708900000| Untracked 
| 110|0x0000000708a00000, 0x0000000708a00000, 0x0000000708b00000|  0%| F|  |TAMS 0x0000000708a00000, 0x0000000708a00000| Untracked 
| 111|0x0000000708b00000, 0x0000000708b00000, 0x0000000708c00000|  0%| F|  |TAMS 0x0000000708b00000, 0x0000000708b00000| Untracked 
| 112|0x0000000708c00000, 0x0000000708c00000, 0x0000000708d00000|  0%| F|  |TAMS 0x0000000708c00000, 0x0000000708c00000| Untracked 
| 113|0x0000000708d00000, 0x0000000708d00000, 0x0000000708e00000|  0%| F|  |TAMS 0x0000000708d00000, 0x0000000708d00000| Untracked 
| 114|0x0000000708e00000, 0x0000000708e00000, 0x0000000708f00000|  0%| F|  |TAMS 0x0000000708e00000, 0x0000000708e00000| Untracked 
| 115|0x0000000708f00000, 0x0000000708f00000, 0x0000000709000000|  0%| F|  |TAMS 0x0000000708f00000, 0x0000000708f00000| Untracked 
| 116|0x0000000709000000, 0x0000000709000000, 0x0000000709100000|  0%| F|  |TAMS 0x0000000709000000, 0x0000000709000000| Untracked 
| 117|0x0000000709100000, 0x0000000709100000, 0x0000000709200000|  0%| F|  |TAMS 0x0000000709100000, 0x0000000709100000| Untracked 
| 118|0x0000000709200000, 0x0000000709200000, 0x0000000709300000|  0%| F|  |TAMS 0x0000000709200000, 0x0000000709200000| Untracked 
| 119|0x0000000709300000, 0x0000000709300000, 0x0000000709400000|  0%| F|  |TAMS 0x0000000709300000, 0x0000000709300000| Untracked 
| 120|0x0000000709400000, 0x0000000709400000, 0x0000000709500000|  0%| F|  |TAMS 0x0000000709400000, 0x0000000709400000| Untracked 
| 121|0x0000000709500000, 0x0000000709500000, 0x0000000709600000|  0%| F|  |TAMS 0x0000000709500000, 0x0000000709500000| Untracked 
| 122|0x0000000709600000, 0x0000000709600000, 0x0000000709700000|  0%| F|  |TAMS 0x0000000709600000, 0x0000000709600000| Untracked 
| 123|0x0000000709700000, 0x0000000709700000, 0x0000000709800000|  0%| F|  |TAMS 0x0000000709700000, 0x0000000709700000| Untracked 
| 124|0x0000000709800000, 0x0000000709800000, 0x0000000709900000|  0%| F|  |TAMS 0x0000000709800000, 0x0000000709800000| Untracked 
| 125|0x0000000709900000, 0x0000000709900000, 0x0000000709a00000|  0%| F|  |TAMS 0x0000000709900000, 0x0000000709900000| Untracked 
| 126|0x0000000709a00000, 0x0000000709a00000, 0x0000000709b00000|  0%| F|  |TAMS 0x0000000709a00000, 0x0000000709a00000| Untracked 
| 127|0x0000000709b00000, 0x0000000709b00000, 0x0000000709c00000|  0%| F|  |TAMS 0x0000000709b00000, 0x0000000709b00000| Untracked 
| 128|0x0000000709c00000, 0x0000000709c00000, 0x0000000709d00000|  0%| F|  |TAMS 0x0000000709c00000, 0x0000000709c00000| Untracked 
| 129|0x0000000709d00000, 0x0000000709d00000, 0x0000000709e00000|  0%| F|  |TAMS 0x0000000709d00000, 0x0000000709d00000| Untracked 
| 130|0x0000000709e00000, 0x0000000709e00000, 0x0000000709f00000|  0%| F|  |TAMS 0x0000000709e00000, 0x0000000709e00000| Untracked 
| 131|0x0000000709f00000, 0x0000000709f00000, 0x000000070a000000|  0%| F|  |TAMS 0x0000000709f00000, 0x0000000709f00000| Untracked 
| 132|0x000000070a000000, 0x000000070a000000, 0x000000070a100000|  0%| F|  |TAMS 0x000000070a000000, 0x000000070a000000| Untracked 
| 133|0x000000070a100000, 0x000000070a100000, 0x000000070a200000|  0%| F|  |TAMS 0x000000070a100000, 0x000000070a100000| Untracked 
| 134|0x000000070a200000, 0x000000070a200000, 0x000000070a300000|  0%| F|  |TAMS 0x000000070a200000, 0x000000070a200000| Untracked 
| 135|0x000000070a300000, 0x000000070a300000, 0x000000070a400000|  0%| F|  |TAMS 0x000000070a300000, 0x000000070a300000| Untracked 
| 136|0x000000070a400000, 0x000000070a400000, 0x000000070a500000|  0%| F|  |TAMS 0x000000070a400000, 0x000000070a400000| Untracked 
| 137|0x000000070a500000, 0x000000070a500000, 0x000000070a600000|  0%| F|  |TAMS 0x000000070a500000, 0x000000070a500000| Untracked 
| 138|0x000000070a600000, 0x000000070a600000, 0x000000070a700000|  0%| F|  |TAMS 0x000000070a600000, 0x000000070a600000| Untracked 
| 139|0x000000070a700000, 0x000000070a700000, 0x000000070a800000|  0%| F|  |TAMS 0x000000070a700000, 0x000000070a700000| Untracked 
| 140|0x000000070a800000, 0x000000070a800000, 0x000000070a900000|  0%| F|  |TAMS 0x000000070a800000, 0x000000070a800000| Untracked 
| 141|0x000000070a900000, 0x000000070a900000, 0x000000070aa00000|  0%| F|  |TAMS 0x000000070a900000, 0x000000070a900000| Untracked 
| 142|0x000000070aa00000, 0x000000070aa00000, 0x000000070ab00000|  0%| F|  |TAMS 0x000000070aa00000, 0x000000070aa00000| Untracked 
| 143|0x000000070ab00000, 0x000000070ab00000, 0x000000070ac00000|  0%| F|  |TAMS 0x000000070ab00000, 0x000000070ab00000| Untracked 
| 144|0x000000070ac00000, 0x000000070ac00000, 0x000000070ad00000|  0%| F|  |TAMS 0x000000070ac00000, 0x000000070ac00000| Untracked 
| 145|0x000000070ad00000, 0x000000070ad00000, 0x000000070ae00000|  0%| F|  |TAMS 0x000000070ad00000, 0x000000070ad00000| Untracked 
| 146|0x000000070ae00000, 0x000000070ae00000, 0x000000070af00000|  0%| F|  |TAMS 0x000000070ae00000, 0x000000070ae00000| Untracked 
| 147|0x000000070af00000, 0x000000070af00000, 0x000000070b000000|  0%| F|  |TAMS 0x000000070af00000, 0x000000070af00000| Untracked 
| 148|0x000000070b000000, 0x000000070b000000, 0x000000070b100000|  0%| F|  |TAMS 0x000000070b000000, 0x000000070b000000| Untracked 
| 149|0x000000070b100000, 0x000000070b100000, 0x000000070b200000|  0%| F|  |TAMS 0x000000070b100000, 0x000000070b100000| Untracked 
| 150|0x000000070b200000, 0x000000070b200000, 0x000000070b300000|  0%| F|  |TAMS 0x000000070b200000, 0x000000070b200000| Untracked 
| 151|0x000000070b300000, 0x000000070b300000, 0x000000070b400000|  0%| F|  |TAMS 0x000000070b300000, 0x000000070b300000| Untracked 
| 152|0x000000070b400000, 0x000000070b400000, 0x000000070b500000|  0%| F|  |TAMS 0x000000070b400000, 0x000000070b400000| Untracked 
| 153|0x000000070b500000, 0x000000070b500000, 0x000000070b600000|  0%| F|  |TAMS 0x000000070b500000, 0x000000070b500000| Untracked 
| 154|0x000000070b600000, 0x000000070b600000, 0x000000070b700000|  0%| F|  |TAMS 0x000000070b600000, 0x000000070b600000| Untracked 
| 155|0x000000070b700000, 0x000000070b700000, 0x000000070b800000|  0%| F|  |TAMS 0x000000070b700000, 0x000000070b700000| Untracked 
| 156|0x000000070b800000, 0x000000070b800000, 0x000000070b900000|  0%| F|  |TAMS 0x000000070b800000, 0x000000070b800000| Untracked 
| 157|0x000000070b900000, 0x000000070b900000, 0x000000070ba00000|  0%| F|  |TAMS 0x000000070b900000, 0x000000070b900000| Untracked 
| 158|0x000000070ba00000, 0x000000070ba00000, 0x000000070bb00000|  0%| F|  |TAMS 0x000000070ba00000, 0x000000070ba00000| Untracked 
| 159|0x000000070bb00000, 0x000000070bb00000, 0x000000070bc00000|  0%| F|  |TAMS 0x000000070bb00000, 0x000000070bb00000| Untracked 
| 160|0x000000070bc00000, 0x000000070bc00000, 0x000000070bd00000|  0%| F|  |TAMS 0x000000070bc00000, 0x000000070bc00000| Untracked 
| 161|0x000000070bd00000, 0x000000070bd00000, 0x000000070be00000|  0%| F|  |TAMS 0x000000070bd00000, 0x000000070bd00000| Untracked 
| 162|0x000000070be00000, 0x000000070be00000, 0x000000070bf00000|  0%| F|  |TAMS 0x000000070be00000, 0x000000070be00000| Untracked 
| 163|0x000000070bf00000, 0x000000070bf00000, 0x000000070c000000|  0%| F|  |TAMS 0x000000070bf00000, 0x000000070bf00000| Untracked 
| 164|0x000000070c000000, 0x000000070c000000, 0x000000070c100000|  0%| F|  |TAMS 0x000000070c000000, 0x000000070c000000| Untracked 
| 165|0x000000070c100000, 0x000000070c100000, 0x000000070c200000|  0%| F|  |TAMS 0x000000070c100000, 0x000000070c100000| Untracked 
| 166|0x000000070c200000, 0x000000070c200000, 0x000000070c300000|  0%| F|  |TAMS 0x000000070c200000, 0x000000070c200000| Untracked 
| 167|0x000000070c300000, 0x000000070c300000, 0x000000070c400000|  0%| F|  |TAMS 0x000000070c300000, 0x000000070c300000| Untracked 
| 168|0x000000070c400000, 0x000000070c400000, 0x000000070c500000|  0%| F|  |TAMS 0x000000070c400000, 0x000000070c400000| Untracked 
| 169|0x000000070c500000, 0x000000070c500000, 0x000000070c600000|  0%| F|  |TAMS 0x000000070c500000, 0x000000070c500000| Untracked 
| 170|0x000000070c600000, 0x000000070c600000, 0x000000070c700000|  0%| F|  |TAMS 0x000000070c600000, 0x000000070c600000| Untracked 
| 171|0x000000070c700000, 0x000000070c700000, 0x000000070c800000|  0%| F|  |TAMS 0x000000070c700000, 0x000000070c700000| Untracked 
| 172|0x000000070c800000, 0x000000070c800000, 0x000000070c900000|  0%| F|  |TAMS 0x000000070c800000, 0x000000070c800000| Untracked 
| 173|0x000000070c900000, 0x000000070c900000, 0x000000070ca00000|  0%| F|  |TAMS 0x000000070c900000, 0x000000070c900000| Untracked 
| 174|0x000000070ca00000, 0x000000070ca00000, 0x000000070cb00000|  0%| F|  |TAMS 0x000000070ca00000, 0x000000070ca00000| Untracked 
| 175|0x000000070cb00000, 0x000000070cb00000, 0x000000070cc00000|  0%| F|  |TAMS 0x000000070cb00000, 0x000000070cb00000| Untracked 
| 176|0x000000070cc00000, 0x000000070cc00000, 0x000000070cd00000|  0%| F|  |TAMS 0x000000070cc00000, 0x000000070cc00000| Untracked 
| 177|0x000000070cd00000, 0x000000070cd00000, 0x000000070ce00000|  0%| F|  |TAMS 0x000000070cd00000, 0x000000070cd00000| Untracked 
| 178|0x000000070ce00000, 0x000000070ce00000, 0x000000070cf00000|  0%| F|  |TAMS 0x000000070ce00000, 0x000000070ce00000| Untracked 
| 179|0x000000070cf00000, 0x000000070cf00000, 0x000000070d000000|  0%| F|  |TAMS 0x000000070cf00000, 0x000000070cf00000| Untracked 
| 180|0x000000070d000000, 0x000000070d000000, 0x000000070d100000|  0%| F|  |TAMS 0x000000070d000000, 0x000000070d000000| Untracked 
| 181|0x000000070d100000, 0x000000070d100000, 0x000000070d200000|  0%| F|  |TAMS 0x000000070d100000, 0x000000070d100000| Untracked 
| 182|0x000000070d200000, 0x000000070d200000, 0x000000070d300000|  0%| F|  |TAMS 0x000000070d200000, 0x000000070d200000| Untracked 
| 183|0x000000070d300000, 0x000000070d300000, 0x000000070d400000|  0%| F|  |TAMS 0x000000070d300000, 0x000000070d300000| Untracked 
| 184|0x000000070d400000, 0x000000070d400000, 0x000000070d500000|  0%| F|  |TAMS 0x000000070d400000, 0x000000070d400000| Untracked 
| 185|0x000000070d500000, 0x000000070d500000, 0x000000070d600000|  0%| F|  |TAMS 0x000000070d500000, 0x000000070d500000| Untracked 
| 186|0x000000070d600000, 0x000000070d600000, 0x000000070d700000|  0%| F|  |TAMS 0x000000070d600000, 0x000000070d600000| Untracked 
| 187|0x000000070d700000, 0x000000070d700000, 0x000000070d800000|  0%| F|  |TAMS 0x000000070d700000, 0x000000070d700000| Untracked 
| 188|0x000000070d800000, 0x000000070d800000, 0x000000070d900000|  0%| F|  |TAMS 0x000000070d800000, 0x000000070d800000| Untracked 
| 189|0x000000070d900000, 0x000000070d900000, 0x000000070da00000|  0%| F|  |TAMS 0x000000070d900000, 0x000000070d900000| Untracked 
| 190|0x000000070da00000, 0x000000070da00000, 0x000000070db00000|  0%| F|  |TAMS 0x000000070da00000, 0x000000070da00000| Untracked 
| 191|0x000000070db00000, 0x000000070db00000, 0x000000070dc00000|  0%| F|  |TAMS 0x000000070db00000, 0x000000070db00000| Untracked 
| 192|0x000000070dc00000, 0x000000070dc00000, 0x000000070dd00000|  0%| F|  |TAMS 0x000000070dc00000, 0x000000070dc00000| Untracked 
| 193|0x000000070dd00000, 0x000000070dd00000, 0x000000070de00000|  0%| F|  |TAMS 0x000000070dd00000, 0x000000070dd00000| Untracked 
| 194|0x000000070de00000, 0x000000070de00000, 0x000000070df00000|  0%| F|  |TAMS 0x000000070de00000, 0x000000070de00000| Untracked 
| 195|0x000000070df00000, 0x000000070df00000, 0x000000070e000000|  0%| F|  |TAMS 0x000000070df00000, 0x000000070df00000| Untracked 
| 196|0x000000070e000000, 0x000000070e000000, 0x000000070e100000|  0%| F|  |TAMS 0x000000070e000000, 0x000000070e000000| Untracked 
| 197|0x000000070e100000, 0x000000070e100000, 0x000000070e200000|  0%| F|  |TAMS 0x000000070e100000, 0x000000070e100000| Untracked 
| 198|0x000000070e200000, 0x000000070e200000, 0x000000070e300000|  0%| F|  |TAMS 0x000000070e200000, 0x000000070e200000| Untracked 
| 199|0x000000070e300000, 0x000000070e300000, 0x000000070e400000|  0%| F|  |TAMS 0x000000070e300000, 0x000000070e300000| Untracked 
| 200|0x000000070e400000, 0x000000070e400000, 0x000000070e500000|  0%| F|  |TAMS 0x000000070e400000, 0x000000070e400000| Untracked 
| 201|0x000000070e500000, 0x000000070e500000, 0x000000070e600000|  0%| F|  |TAMS 0x000000070e500000, 0x000000070e500000| Untracked 
| 202|0x000000070e600000, 0x000000070e600000, 0x000000070e700000|  0%| F|  |TAMS 0x000000070e600000, 0x000000070e600000| Untracked 
| 203|0x000000070e700000, 0x000000070e700000, 0x000000070e800000|  0%| F|  |TAMS 0x000000070e700000, 0x000000070e700000| Untracked 
| 204|0x000000070e800000, 0x000000070e800000, 0x000000070e900000|  0%| F|  |TAMS 0x000000070e800000, 0x000000070e800000| Untracked 
| 205|0x000000070e900000, 0x000000070e900000, 0x000000070ea00000|  0%| F|  |TAMS 0x000000070e900000, 0x000000070e900000| Untracked 
| 206|0x000000070ea00000, 0x000000070ea00000, 0x000000070eb00000|  0%| F|  |TAMS 0x000000070ea00000, 0x000000070ea00000| Untracked 
| 207|0x000000070eb00000, 0x000000070eb00000, 0x000000070ec00000|  0%| F|  |TAMS 0x000000070eb00000, 0x000000070eb00000| Untracked 
| 208|0x000000070ec00000, 0x000000070ec00000, 0x000000070ed00000|  0%| F|  |TAMS 0x000000070ec00000, 0x000000070ec00000| Untracked 
| 209|0x000000070ed00000, 0x000000070ed00000, 0x000000070ee00000|  0%| F|  |TAMS 0x000000070ed00000, 0x000000070ed00000| Untracked 
| 210|0x000000070ee00000, 0x000000070ee00000, 0x000000070ef00000|  0%| F|  |TAMS 0x000000070ee00000, 0x000000070ee00000| Untracked 
| 211|0x000000070ef00000, 0x000000070ef00000, 0x000000070f000000|  0%| F|  |TAMS 0x000000070ef00000, 0x000000070ef00000| Untracked 
| 212|0x000000070f000000, 0x000000070f000000, 0x000000070f100000|  0%| F|  |TAMS 0x000000070f000000, 0x000000070f000000| Untracked 
| 213|0x000000070f100000, 0x000000070f100000, 0x000000070f200000|  0%| F|  |TAMS 0x000000070f100000, 0x000000070f100000| Untracked 
| 214|0x000000070f200000, 0x000000070f200000, 0x000000070f300000|  0%| F|  |TAMS 0x000000070f200000, 0x000000070f200000| Untracked 
| 215|0x000000070f300000, 0x000000070f300000, 0x000000070f400000|  0%| F|  |TAMS 0x000000070f300000, 0x000000070f300000| Untracked 
| 216|0x000000070f400000, 0x000000070f400000, 0x000000070f500000|  0%| F|  |TAMS 0x000000070f400000, 0x000000070f400000| Untracked 
| 217|0x000000070f500000, 0x000000070f500000, 0x000000070f600000|  0%| F|  |TAMS 0x000000070f500000, 0x000000070f500000| Untracked 
| 218|0x000000070f600000, 0x000000070f600000, 0x000000070f700000|  0%| F|  |TAMS 0x000000070f600000, 0x000000070f600000| Untracked 
| 219|0x000000070f700000, 0x000000070f700000, 0x000000070f800000|  0%| F|  |TAMS 0x000000070f700000, 0x000000070f700000| Untracked 
| 220|0x000000070f800000, 0x000000070f800000, 0x000000070f900000|  0%| F|  |TAMS 0x000000070f800000, 0x000000070f800000| Untracked 
| 221|0x000000070f900000, 0x000000070f900000, 0x000000070fa00000|  0%| F|  |TAMS 0x000000070f900000, 0x000000070f900000| Untracked 
| 222|0x000000070fa00000, 0x000000070fa00000, 0x000000070fb00000|  0%| F|  |TAMS 0x000000070fa00000, 0x000000070fa00000| Untracked 
| 223|0x000000070fb00000, 0x000000070fb00000, 0x000000070fc00000|  0%| F|  |TAMS 0x000000070fb00000, 0x000000070fb00000| Untracked 
| 224|0x000000070fc00000, 0x000000070fc00000, 0x000000070fd00000|  0%| F|  |TAMS 0x000000070fc00000, 0x000000070fc00000| Untracked 
| 225|0x000000070fd00000, 0x000000070fd00000, 0x000000070fe00000|  0%| F|  |TAMS 0x000000070fd00000, 0x000000070fd00000| Untracked 
| 226|0x000000070fe00000, 0x000000070fe00000, 0x000000070ff00000|  0%| F|  |TAMS 0x000000070fe00000, 0x000000070fe00000| Untracked 
| 227|0x000000070ff00000, 0x000000070ff00000, 0x0000000710000000|  0%| F|  |TAMS 0x000000070ff00000, 0x000000070ff00000| Untracked 
| 228|0x0000000710000000, 0x0000000710000000, 0x0000000710100000|  0%| F|  |TAMS 0x0000000710000000, 0x0000000710000000| Untracked 
| 229|0x0000000710100000, 0x0000000710100000, 0x0000000710200000|  0%| F|  |TAMS 0x0000000710100000, 0x0000000710100000| Untracked 
| 230|0x0000000710200000, 0x0000000710200000, 0x0000000710300000|  0%| F|  |TAMS 0x0000000710200000, 0x0000000710200000| Untracked 
| 231|0x0000000710300000, 0x0000000710300000, 0x0000000710400000|  0%| F|  |TAMS 0x0000000710300000, 0x0000000710300000| Untracked 
| 232|0x0000000710400000, 0x0000000710400000, 0x0000000710500000|  0%| F|  |TAMS 0x0000000710400000, 0x0000000710400000| Untracked 
| 233|0x0000000710500000, 0x0000000710500000, 0x0000000710600000|  0%| F|  |TAMS 0x0000000710500000, 0x0000000710500000| Untracked 
| 234|0x0000000710600000, 0x0000000710600000, 0x0000000710700000|  0%| F|  |TAMS 0x0000000710600000, 0x0000000710600000| Untracked 
| 235|0x0000000710700000, 0x0000000710700000, 0x0000000710800000|  0%| F|  |TAMS 0x0000000710700000, 0x0000000710700000| Untracked 
| 236|0x0000000710800000, 0x0000000710800000, 0x0000000710900000|  0%| F|  |TAMS 0x0000000710800000, 0x0000000710800000| Untracked 
| 237|0x0000000710900000, 0x0000000710900000, 0x0000000710a00000|  0%| F|  |TAMS 0x0000000710900000, 0x0000000710900000| Untracked 
| 238|0x0000000710a00000, 0x0000000710a00000, 0x0000000710b00000|  0%| F|  |TAMS 0x0000000710a00000, 0x0000000710a00000| Untracked 
| 239|0x0000000710b00000, 0x0000000710b00000, 0x0000000710c00000|  0%| F|  |TAMS 0x0000000710b00000, 0x0000000710b00000| Untracked 
| 240|0x0000000710c00000, 0x0000000710c00000, 0x0000000710d00000|  0%| F|  |TAMS 0x0000000710c00000, 0x0000000710c00000| Untracked 
| 241|0x0000000710d00000, 0x0000000710d00000, 0x0000000710e00000|  0%| F|  |TAMS 0x0000000710d00000, 0x0000000710d00000| Untracked 
| 242|0x0000000710e00000, 0x0000000710e00000, 0x0000000710f00000|  0%| F|  |TAMS 0x0000000710e00000, 0x0000000710e00000| Untracked 
| 243|0x0000000710f00000, 0x0000000710f00000, 0x0000000711000000|  0%| F|  |TAMS 0x0000000710f00000, 0x0000000710f00000| Untracked 
| 244|0x0000000711000000, 0x0000000711000000, 0x0000000711100000|  0%| F|  |TAMS 0x0000000711000000, 0x0000000711000000| Untracked 
| 245|0x0000000711100000, 0x0000000711100000, 0x0000000711200000|  0%| F|  |TAMS 0x0000000711100000, 0x0000000711100000| Untracked 
| 246|0x0000000711200000, 0x0000000711200000, 0x0000000711300000|  0%| F|  |TAMS 0x0000000711200000, 0x0000000711200000| Untracked 
| 247|0x0000000711300000, 0x0000000711300000, 0x0000000711400000|  0%| F|  |TAMS 0x0000000711300000, 0x0000000711300000| Untracked 
| 248|0x0000000711400000, 0x0000000711400000, 0x0000000711500000|  0%| F|  |TAMS 0x0000000711400000, 0x0000000711400000| Untracked 
| 249|0x0000000711500000, 0x0000000711500000, 0x0000000711600000|  0%| F|  |TAMS 0x0000000711500000, 0x0000000711500000| Untracked 
| 250|0x0000000711600000, 0x0000000711600000, 0x0000000711700000|  0%| F|  |TAMS 0x0000000711600000, 0x0000000711600000| Untracked 
| 251|0x0000000711700000, 0x0000000711700000, 0x0000000711800000|  0%| F|  |TAMS 0x0000000711700000, 0x0000000711700000| Untracked 
| 252|0x0000000711800000, 0x0000000711800000, 0x0000000711900000|  0%| F|  |TAMS 0x0000000711800000, 0x0000000711800000| Untracked 
| 253|0x0000000711900000, 0x0000000711900000, 0x0000000711a00000|  0%| F|  |TAMS 0x0000000711900000, 0x0000000711900000| Untracked 
| 254|0x0000000711a00000, 0x0000000711a00000, 0x0000000711b00000|  0%| F|  |TAMS 0x0000000711a00000, 0x0000000711a00000| Untracked 
| 255|0x0000000711b00000, 0x0000000711b00000, 0x0000000711c00000|  0%| F|  |TAMS 0x0000000711b00000, 0x0000000711b00000| Untracked 

Card table byte_map: [0x0000021e5ca30000,0x0000021e5d230000] _byte_map_base: 0x0000021e59222000

Marking Bits (Prev, Next): (CMBitMap*) 0x0000021e448899b8, (CMBitMap*) 0x0000021e448899f0
 Prev Bits: [0x0000021e5da30000, 0x0000021e619c0000)
 Next Bits: [0x0000021e619c0000, 0x0000021e65950000)

Polling page: 0x0000021e427c0000

Metaspace:

Usage:
  Non-class:     37.62 MB capacity,    36.72 MB ( 98%) used,   767.28 KB (  2%) free+waste,   161.00 KB ( <1%) overhead. 
      Class:      5.85 MB capacity,     5.30 MB ( 91%) used,   479.81 KB (  8%) free+waste,    80.13 KB (  1%) overhead. 
       Both:     43.47 MB capacity,    42.02 MB ( 97%) used,     1.22 MB (  3%) free+waste,   241.13 KB ( <1%) overhead. 

Virtual space:
  Non-class space:       38.00 MB reserved,      37.75 MB (>99%) committed 
      Class space:        1.00 GB reserved,       5.88 MB ( <1%) committed 
             Both:        1.04 GB reserved,      43.63 MB (  4%) committed 

Chunk freelists:
   Non-Class:  3.00 KB
       Class:  27.00 KB
        Both:  30.00 KB

MaxMetaspaceSize: 17179869184.00 GB
CompressedClassSpaceSize: 1.00 GB

CodeHeap 'non-profiled nmethods': size=238336Kb used=6493Kb max_used=6493Kb free=231843Kb
 bounds [0x0000021e4d640000, 0x0000021e4dca0000, 0x0000021e5bf00000]
CodeHeap 'non-nmethods': size=7424Kb used=1176Kb max_used=1176Kb free=6247Kb
 bounds [0x0000021e4cf00000, 0x0000021e4d170000, 0x0000021e4d640000]
 total_blobs=4500 nmethods=3990 adapters=435
 compilation: enabled
              stopped_count=0, restarted_count=0
 full_count=0

Compilation events (20 events):
Event: 3.824 Thread 0x0000021e68dea000 3982       1       java.util.Collections$EmptyList::toArray (5 bytes)
Event: 3.824 Thread 0x0000021e68dea000 nmethod 3982 0x0000021e4dc93c90 code [0x0000021e4dc93e40, 0x0000021e4dc93f98]
Event: 3.825 Thread 0x0000021e68dea000 3983   !   1       jdk.internal.reflect.GeneratedMethodAccessor8::invoke (63 bytes)
Event: 3.825 Thread 0x0000021e68dea000 nmethod 3983 0x0000021e4dc94010 code [0x0000021e4dc94260, 0x0000021e4dc948c8]
Event: 3.841 Thread 0x0000021e68dea000 3984       1       java.util.Collections$EmptyEnumeration::hasMoreElements (2 bytes)
Event: 3.841 Thread 0x0000021e68dea000 nmethod 3984 0x0000021e4dc94d90 code [0x0000021e4dc94f40, 0x0000021e4dc94ff8]
Event: 3.887 Thread 0x0000021e68dea000 3985       1       java.util.concurrent.ConcurrentHashMap::<init> (5 bytes)
Event: 3.888 Thread 0x0000021e68dea000 nmethod 3985 0x0000021e4dc95090 code [0x0000021e4dc95240, 0x0000021e4dc952f8]
Event: 3.907 Thread 0x0000021e68dea000 3986       1       java.util.Spliterators$ArraySpliterator::<init> (33 bytes)
Event: 3.908 Thread 0x0000021e68dea000 nmethod 3986 0x0000021e4dc95390 code [0x0000021e4dc95540, 0x0000021e4dc95658]
Event: 3.908 Thread 0x0000021e68dea000 3987       1       java.lang.CompoundEnumeration::hasMoreElements (5 bytes)
Event: 3.908 Thread 0x0000021e68dea000 nmethod 3987 0x0000021e4dc95710 code [0x0000021e4dc958c0, 0x0000021e4dc95988]
Event: 3.935 Thread 0x0000021e68dea000 3988       1       sun.util.calendar.CalendarDate::getYear (5 bytes)
Event: 3.936 Thread 0x0000021e68dea000 nmethod 3988 0x0000021e4dc95a10 code [0x0000021e4dc95bc0, 0x0000021e4dc95c78]
Event: 3.953 Thread 0x0000021e68dea000 3989       1       ch.qos.logback.classic.Logger::<init> (25 bytes)
Event: 3.953 Thread 0x0000021e68dea000 nmethod 3989 0x0000021e4dc95d10 code [0x0000021e4dc95ec0, 0x0000021e4dc960b8]
Event: 3.953 Thread 0x0000021e68dea000 3990       1       ch.qos.logback.classic.Logger::createChildByName (128 bytes)
Event: 3.954 Thread 0x0000021e68dea000 nmethod 3990 0x0000021e4dc96110 code [0x0000021e4dc963a0, 0x0000021e4dc96d58]
Event: 3.999 Thread 0x0000021e68dea000 3991       1       java.util.jar.JarFile$JarFileEntry::getRealName (5 bytes)
Event: 3.999 Thread 0x0000021e68dea000 nmethod 3991 0x0000021e4dc97110 code [0x0000021e4dc972c0, 0x0000021e4dc97378]

GC Heap History (11 events):
Event: 0.888 GC heap before
{Heap before GC invocations=0 (full 0):
 garbage-first heap   total 262144K, used 24576K [0x0000000701c00000, 0x0000000800000000)
  region size 1024K, 24 young (24576K), 0 survivors (0K)
 Metaspace       used 14341K, capacity 14736K, committed 14848K, reserved 1062912K
  class space    used 1534K, capacity 1685K, committed 1792K, reserved 1048576K
}
Event: 0.893 GC heap after
{Heap after GC invocations=1 (full 0):
 garbage-first heap   total 262144K, used 7164K [0x0000000701c00000, 0x0000000800000000)
  region size 1024K, 3 young (3072K), 3 survivors (3072K)
 Metaspace       used 14341K, capacity 14736K, committed 14848K, reserved 1062912K
  class space    used 1534K, capacity 1685K, committed 1792K, reserved 1048576K
}
Event: 1.010 GC heap before
{Heap before GC invocations=1 (full 0):
 garbage-first heap   total 262144K, used 53244K [0x0000000701c00000, 0x0000000800000000)
  region size 1024K, 49 young (50176K), 3 survivors (3072K)
 Metaspace       used 15203K, capacity 15586K, committed 15616K, reserved 1062912K
  class space    used 1648K, capacity 1778K, committed 1792K, reserved 1048576K
}
Event: 1.013 GC heap after
{Heap after GC invocations=2 (full 0):
 garbage-first heap   total 262144K, used 7311K [0x0000000701c00000, 0x0000000800000000)
  region size 1024K, 4 young (4096K), 4 survivors (4096K)
 Metaspace       used 15203K, capacity 15586K, committed 15616K, reserved 1062912K
  class space    used 1648K, capacity 1778K, committed 1792K, reserved 1048576K
}
Event: 1.498 GC heap before
{Heap before GC invocations=2 (full 0):
 garbage-first heap   total 262144K, used 40079K [0x0000000701c00000, 0x0000000800000000)
  region size 1024K, 37 young (37888K), 4 survivors (4096K)
 Metaspace       used 20379K, capacity 21127K, committed 21248K, reserved 1067008K
  class space    used 2430K, capacity 2717K, committed 2816K, reserved 1048576K
}
Event: 1.503 GC heap after
{Heap after GC invocations=3 (full 0):
 garbage-first heap   total 262144K, used 9358K [0x0000000701c00000, 0x0000000800000000)
  region size 1024K, 6 young (6144K), 6 survivors (6144K)
 Metaspace       used 20379K, capacity 21127K, committed 21248K, reserved 1067008K
  class space    used 2430K, capacity 2717K, committed 2816K, reserved 1048576K
}
Event: 1.873 GC heap before
{Heap before GC invocations=4 (full 0):
 garbage-first heap   total 262144K, used 74894K [0x0000000701c00000, 0x0000000800000000)
  region size 1024K, 71 young (72704K), 6 survivors (6144K)
 Metaspace       used 26737K, capacity 27653K, committed 27776K, reserved 1073152K
  class space    used 3255K, capacity 3599K, committed 3712K, reserved 1048576K
}
Event: 1.878 GC heap after
{Heap after GC invocations=5 (full 0):
 garbage-first heap   total 262144K, used 10794K [0x0000000701c00000, 0x0000000800000000)
  region size 1024K, 4 young (4096K), 4 survivors (4096K)
 Metaspace       used 26737K, capacity 27653K, committed 27776K, reserved 1073152K
  class space    used 3255K, capacity 3599K, committed 3712K, reserved 1048576K
}
Event: 3.059 GC heap before
{Heap before GC invocations=5 (full 0):
 garbage-first heap   total 262144K, used 112170K [0x0000000701c00000, 0x0000000800000000)
  region size 1024K, 105 young (107520K), 4 survivors (4096K)
 Metaspace       used 34409K, capacity 35744K, committed 35840K, reserved 1081344K
  class space    used 4380K, capacity 4900K, committed 4992K, reserved 1048576K
}
Event: 3.071 GC heap after
{Heap after GC invocations=6 (full 0):
 garbage-first heap   total 262144K, used 14980K [0x0000000701c00000, 0x0000000800000000)
  region size 1024K, 8 young (8192K), 8 survivors (8192K)
 Metaspace       used 34409K, capacity 35744K, committed 35840K, reserved 1081344K
  class space    used 4380K, capacity 4900K, committed 4992K, reserved 1048576K
}
Event: 4.014 GC heap before
{Heap before GC invocations=7 (full 0):
 garbage-first heap   total 262144K, used 162436K [0x0000000701c00000, 0x0000000800000000)
  region size 1024K, 153 young (156672K), 8 survivors (8192K)
 Metaspace       used 43025K, capacity 44514K, committed 44672K, reserved 1087488K
  class space    used 5429K, capacity 5989K, committed 6016K, reserved 1048576K
}

Deoptimization events (2 events):
Event: 2.439 Thread 0x0000021e68deb000 DEOPT PACKING pc=0x0000021e4d9431ac sp=0x00000063e1bfd2f0
Event: 2.439 Thread 0x0000021e68deb000 DEOPT UNPACKING pc=0x0000021e4cf2794e sp=0x00000063e1bfc858 mode 0

Classes redefined (0 events):
No events

Internal exceptions (20 events):
Event: 3.374 Thread 0x0000021e68deb000 Exception <a 'java/io/FileNotFoundException'{0x000000070bb235b8}> (0x000000070bb235b8) thrown at [./src/hotspot/share/prims/jni.cpp, line 615]
Event: 3.548 Thread 0x0000021e68deb000 Implicit null exception at 0x0000021e4dc0ff8f to 0x0000021e4dc10839
Event: 3.548 Thread 0x0000021e68deb000 Exception <a 'java/lang/NullPointerException'{0x000000070a4e6618}> (0x000000070a4e6618) thrown at [./src/hotspot/share/runtime/sharedRuntime.cpp, line 584]
Event: 3.558 Thread 0x0000021e68deb000 Implicit null exception at 0x0000021e4dc0ff8f to 0x0000021e4dc10839
Event: 3.558 Thread 0x0000021e68deb000 Exception <a 'java/lang/NullPointerException'{0x000000070a330d60}> (0x000000070a330d60) thrown at [./src/hotspot/share/runtime/sharedRuntime.cpp, line 584]
Event: 3.569 Thread 0x0000021e68deb000 Implicit null exception at 0x0000021e4dc0ff8f to 0x0000021e4dc10839
Event: 3.569 Thread 0x0000021e68deb000 Exception <a 'java/lang/NullPointerException'{0x000000070a3ba040}> (0x000000070a3ba040) thrown at [./src/hotspot/share/runtime/sharedRuntime.cpp, line 584]
Event: 3.575 Thread 0x0000021e68deb000 Implicit null exception at 0x0000021e4dc0ff8f to 0x0000021e4dc10839
Event: 3.575 Thread 0x0000021e68deb000 Exception <a 'java/lang/NullPointerException'{0x000000070a203240}> (0x000000070a203240) thrown at [./src/hotspot/share/runtime/sharedRuntime.cpp, line 584]
Event: 3.582 Thread 0x0000021e68dec800 Exception <a 'java/lang/reflect/InvocationTargetException'{0x0000000711a05e30}> (0x0000000711a05e30) thrown at [./src/hotspot/share/runtime/reflection.cpp, line 1247]
Event: 3.585 Thread 0x0000021e68deb000 Implicit null exception at 0x0000021e4dc0ff8f to 0x0000021e4dc10839
Event: 3.585 Thread 0x0000021e68deb000 Exception <a 'java/lang/NullPointerException'{0x000000070a2bb740}> (0x000000070a2bb740) thrown at [./src/hotspot/share/runtime/sharedRuntime.cpp, line 584]
Event: 3.587 Thread 0x0000021e68deb000 Implicit null exception at 0x0000021e4dc0ff8f to 0x0000021e4dc10839
Event: 3.587 Thread 0x0000021e68deb000 Exception <a 'java/lang/NullPointerException'{0x000000070a2ea540}> (0x000000070a2ea540) thrown at [./src/hotspot/share/runtime/sharedRuntime.cpp, line 584]
Event: 3.590 Thread 0x0000021e68deb000 Implicit null exception at 0x0000021e4dc0ff8f to 0x0000021e4dc10839
Event: 3.591 Thread 0x0000021e68deb000 Exception <a 'java/lang/NullPointerException'{0x000000070a13bc68}> (0x000000070a13bc68) thrown at [./src/hotspot/share/runtime/sharedRuntime.cpp, line 584]
Event: 3.593 Thread 0x0000021e68deb000 Implicit null exception at 0x0000021e4dc0ff8f to 0x0000021e4dc10839
Event: 3.593 Thread 0x0000021e68deb000 Exception <a 'java/lang/NullPointerException'{0x000000070a172288}> (0x000000070a172288) thrown at [./src/hotspot/share/runtime/sharedRuntime.cpp, line 584]
Event: 3.616 Thread 0x0000021e68deb000 Exception <a 'java/lang/NoSuchMethodError'{0x0000000709f3b518}: 'int java.lang.invoke.DirectMethodHandle$Holder.invokeInterface(java.lang.Object, java.lang.Object, java.lang.Object, java.lang.Object)'> (0x0000000709f3b518) thrown at [./src/hotspot/share/interpreter/linkResolver.cpp, line 773]
Event: 3.660 Thread 0x0000021e68deb000 Exception <a 'java/io/FileNotFoundException'{0x0000000709cd6880}> (0x0000000709cd6880) thrown at [./src/hotspot/share/prims/jni.cpp, line 615]

Events (20 events):
Event: 4.007 loading class net/bytebuddy/description/method/MethodDescription$InDefinedShape$AbstractBase done
Event: 4.007 loading class net/bytebuddy/description/method/MethodDescription$AbstractBase
Event: 4.007 loading class net/bytebuddy/description/method/MethodDescription$AbstractBase done
Event: 4.008 loading class net/bytebuddy/description/method/MethodDescription$ForLoadedMethod
Event: 4.008 loading class net/bytebuddy/description/method/MethodDescription$ForLoadedMethod done
Event: 4.009 loading class net/bytebuddy/implementation/bind/annotation/Super$Instantiation
Event: 4.009 loading class net/bytebuddy/implementation/bind/annotation/Super$Instantiation done
Event: 4.010 loading class net/bytebuddy/description/ByteCodeElement$Token
Event: 4.010 loading class net/bytebuddy/description/ByteCodeElement$Token done
Event: 4.012 loading class net/bytebuddy/description/method/MethodList$Explicit
Event: 4.012 loading class net/bytebuddy/description/method/MethodList$Explicit done
Event: 4.012 loading class net/bytebuddy/implementation/bind/annotation/Default$Binder
Event: 4.012 loading class net/bytebuddy/implementation/bind/annotation/Default$Binder done
Event: 4.013 loading class net/bytebuddy/implementation/bind/annotation/Default
Event: 4.013 loading class net/bytebuddy/implementation/bind/annotation/Default done
Event: 4.014 loading class net/bytebuddy/implementation/bind/annotation/SuperCall$Binder
Event: 4.014 loading class net/bytebuddy/implementation/bind/annotation/SuperCall$Binder done
Event: 4.014 loading class net/bytebuddy/implementation/auxiliary/MethodCallProxy$AssignableSignatureCall
Event: 4.014 loading class net/bytebuddy/implementation/auxiliary/MethodCallProxy$AssignableSignatureCall done
Event: 4.014 Executing VM operation: G1CollectForAllocation


Dynamic libraries:
0x00007ff797be0000 - 0x00007ff797c00000 	C:\_SpringBoot\jdk11\bin\javaw.exe
0x00007ffca3bd0000 - 0x00007ffca3dc5000 	C:\Windows\SYSTEM32\ntdll.dll
0x00007ffca37d0000 - 0x00007ffca388e000 	C:\Windows\System32\KERNEL32.DLL
0x00007ffca12f0000 - 0x00007ffca15b9000 	C:\Windows\System32\KERNELBASE.dll
0x00007ffca1a80000 - 0x00007ffca1b80000 	C:\Windows\System32\ucrtbase.dll
0x00007ffc9cab0000 - 0x00007ffc9cac5000 	C:\_SpringBoot\jdk11\bin\VCRUNTIME140.dll
0x00007ffc9d460000 - 0x00007ffc9d477000 	C:\_SpringBoot\jdk11\bin\jli.dll
0x00007ffca3040000 - 0x00007ffca31e1000 	C:\Windows\System32\USER32.dll
0x00007ffca1940000 - 0x00007ffca1962000 	C:\Windows\System32\win32u.dll
0x00007ffc880c0000 - 0x00007ffc8835a000 	C:\Windows\WinSxS\amd64_microsoft.windows.common-controls_6595b64144ccf1df_6.0.19041.1110_none_60b5254171f9507e\COMCTL32.dll
0x00007ffca3730000 - 0x00007ffca37ce000 	C:\Windows\System32\msvcrt.dll
0x00007ffca2980000 - 0x00007ffca29ab000 	C:\Windows\System32\GDI32.dll
0x00007ffca1970000 - 0x00007ffca1a7b000 	C:\Windows\System32\gdi32full.dll
0x00007ffca1b80000 - 0x00007ffca1c1d000 	C:\Windows\System32\msvcp_win.dll
0x00007ffca2ac0000 - 0x00007ffca2af0000 	C:\Windows\System32\IMM32.DLL
0x00007ffc9c910000 - 0x00007ffc9c9ab000 	C:\_SpringBoot\jdk11\bin\msvcp140.dll
0x00007ffc43530000 - 0x00007ffc44074000 	C:\_SpringBoot\jdk11\bin\server\jvm.dll
0x00007ffca27a0000 - 0x00007ffca284c000 	C:\Windows\System32\ADVAPI32.dll
0x00007ffca2a20000 - 0x00007ffca2abb000 	C:\Windows\System32\sechost.dll
0x00007ffca2850000 - 0x00007ffca297a000 	C:\Windows\System32\RPCRT4.dll
0x00007ffca3670000 - 0x00007ffca3678000 	C:\Windows\System32\PSAPI.DLL
0x00007ffc9d4b0000 - 0x00007ffc9d4b9000 	C:\Windows\SYSTEM32\WSOCK32.dll
0x00007ffc94b60000 - 0x00007ffc94b87000 	C:\Windows\SYSTEM32\WINMM.dll
0x00007ffc9ce50000 - 0x00007ffc9ce5a000 	C:\Windows\SYSTEM32\VERSION.dll
0x00007ffca3460000 - 0x00007ffca34cb000 	C:\Windows\System32\WS2_32.dll
0x00007ffc9f110000 - 0x00007ffc9f122000 	C:\Windows\SYSTEM32\kernel.appcore.dll
0x00007ffc9d2b0000 - 0x00007ffc9d2c0000 	C:\_SpringBoot\jdk11\bin\verify.dll
0x00007ffc98ed0000 - 0x00007ffc990b4000 	C:\Windows\SYSTEM32\DBGHELP.DLL
0x00007ffc98e10000 - 0x00007ffc98e3c000 	C:\Windows\SYSTEM32\dbgcore.DLL
0x00007ffca15c0000 - 0x00007ffca1643000 	C:\Windows\System32\bcryptPrimitives.dll
0x00007ffc9c8e0000 - 0x00007ffc9c908000 	C:\_SpringBoot\jdk11\bin\java.dll
0x00007ffc9d240000 - 0x00007ffc9d24a000 	C:\_SpringBoot\jdk11\bin\jimage.dll
0x00007ffc9be40000 - 0x00007ffc9be57000 	C:\_SpringBoot\jdk11\bin\zip.dll
0x00007ffca2060000 - 0x00007ffca279f000 	C:\Windows\System32\SHELL32.dll
0x00007ffc9f3f0000 - 0x00007ffc9fb80000 	C:\Windows\SYSTEM32\windows.storage.dll
0x00007ffca1d00000 - 0x00007ffca2055000 	C:\Windows\System32\combase.dll
0x00007ffca0d40000 - 0x00007ffca0d6c000 	C:\Windows\SYSTEM32\Wldp.dll
0x00007ffca3680000 - 0x00007ffca372d000 	C:\Windows\System32\SHCORE.dll
0x00007ffca3b10000 - 0x00007ffca3b65000 	C:\Windows\System32\shlwapi.dll
0x00007ffca1230000 - 0x00007ffca124f000 	C:\Windows\SYSTEM32\profapi.dll
0x00007ffc9bd60000 - 0x00007ffc9bd79000 	C:\_SpringBoot\jdk11\bin\net.dll
0x00007ffc96da0000 - 0x00007ffc96ea8000 	C:\Windows\SYSTEM32\WINHTTP.dll
0x00007ffca0aa0000 - 0x00007ffca0b0a000 	C:\Windows\system32\mswsock.dll
0x00007ffc97b20000 - 0x00007ffc97b32000 	C:\_SpringBoot\jdk11\bin\nio.dll
0x00007ffc9cb00000 - 0x00007ffc9cb09000 	C:\_SpringBoot\jdk11\bin\management.dll
0x00007ffc9c8d0000 - 0x00007ffc9c8db000 	C:\_SpringBoot\jdk11\bin\management_ext.dll
0x00007ffc89a50000 - 0x00007ffc89a67000 	C:\Windows\system32\napinsp.dll
0x00007ffc89a30000 - 0x00007ffc89a4b000 	C:\Windows\system32\pnrpnsp.dll
0x00007ffc9dde0000 - 0x00007ffc9ddf5000 	C:\Windows\system32\wshbth.dll
0x00007ffc9c670000 - 0x00007ffc9c68d000 	C:\Windows\system32\NLAapi.dll
0x00007ffca0740000 - 0x00007ffca077b000 	C:\Windows\SYSTEM32\IPHLPAPI.DLL
0x00007ffca0790000 - 0x00007ffca085c000 	C:\Windows\SYSTEM32\DNSAPI.dll
0x00007ffca31f0000 - 0x00007ffca31f8000 	C:\Windows\System32\NSI.dll
0x00007ffc89a10000 - 0x00007ffc89a22000 	C:\Windows\System32\winrnr.dll
0x00007ffc96d00000 - 0x00007ffc96d0a000 	C:\Windows\System32\rasadhlp.dll
0x00007ffc96d20000 - 0x00007ffc96d9f000 	C:\Windows\System32\fwpuclnt.dll
0x00007ffca1650000 - 0x00007ffca1677000 	C:\Windows\System32\bcrypt.dll
0x00007ffca0c90000 - 0x00007ffca0ca8000 	C:\Windows\SYSTEM32\CRYPTSP.dll
0x00007ffca03b0000 - 0x00007ffca03e4000 	C:\Windows\system32\rsaenh.dll
0x00007ffca11f0000 - 0x00007ffca121e000 	C:\Windows\SYSTEM32\USERENV.dll
0x00007ffca0cb0000 - 0x00007ffca0cbc000 	C:\Windows\SYSTEM32\CRYPTBASE.dll
0x00007ffc98e40000 - 0x00007ffc98e57000 	C:\Windows\SYSTEM32\dhcpcsvc6.DLL
0x00007ffc9b3c0000 - 0x00007ffc9b3dd000 	C:\Windows\SYSTEM32\dhcpcsvc.DLL

dbghelp: loaded successfully - version: 4.0.5 - missing functions: none
symbol engine: initialized successfully - sym options: 0x614 - pdb path: .;C:\_SpringBoot\jdk11\bin;C:\Windows\SYSTEM32;C:\Windows\WinSxS\amd64_microsoft.windows.common-controls_6595b64144ccf1df_6.0.19041.1110_none_60b5254171f9507e;C:\_SpringBoot\jdk11\bin\server

VM Arguments:
jvm_args: -Dcom.sun.management.jmxremote -Dcom.sun.management.jmxremote.port=54338 -Dcom.sun.management.jmxremote.authenticate=false -Dcom.sun.management.jmxremote.ssl=false -Djava.rmi.server.hostname=localhost -Dspring.jmx.enabled=true -Dspring.application.admin.enabled=true -XX:TieredStopAtLevel=1 -Dspring.boot.project.name=SpringBoot_CRUD -Dfile.encoding=UTF-8 
java_command: com.infotran.springboot.SpringBootCrudApplication --spring.output.ansi.enabled=always
java_class_path (initial): C:\_SpringBoot\workspace\SpringBoot_CRUD\target\classes;C:\_SpringBoot\repository\org\springframework\boot\spring-boot-starter-data-jpa\2.5.5\spring-boot-starter-data-jpa-2.5.5.jar;C:\_SpringBoot\repository\org\springframework\boot\spring-boot-starter-aop\2.5.5\spring-boot-starter-aop-2.5.5.jar;C:\_SpringBoot\repository\org\springframework\spring-aop\5.3.10\spring-aop-5.3.10.jar;C:\_SpringBoot\repository\org\aspectj\aspectjweaver\1.9.7\aspectjweaver-1.9.7.jar;C:\_SpringBoot\repository\org\springframework\boot\spring-boot-starter-jdbc\2.5.5\spring-boot-starter-jdbc-2.5.5.jar;C:\_SpringBoot\repository\com\zaxxer\HikariCP\4.0.3\HikariCP-4.0.3.jar;C:\_SpringBoot\repository\org\springframework\spring-jdbc\5.3.10\spring-jdbc-5.3.10.jar;C:\_SpringBoot\repository\jakarta\transaction\jakarta.transaction-api\1.3.3\jakarta.transaction-api-1.3.3.jar;C:\_SpringBoot\repository\jakarta\persistence\jakarta.persistence-api\2.2.3\jakarta.persistence-api-2.2.3.jar;C:\_SpringBoot\repository\org\hibernate\hibernate-core\5.4.32.Final\hibernate-core-5.4.32.Final.jar;C:\_SpringBoot\repository\org\jboss\logging\jboss-logging\3.4.2.Final\jboss-logging-3.4.2.Final.jar;C:\_SpringBoot\repository\org\javassist\javassist\3.27.0-GA\javassist-3.27.0-GA.jar;C:\_SpringBoot\repository\net\bytebuddy\byte-buddy\1.10.22\byte-buddy-1.10.22.jar;C:\_SpringBoot\repository\antlr\antlr\2.7.7\antlr-2.7.7.jar;C:\_SpringBoot\repository\org\jboss\jandex\2.2.3.Final\jandex-2.2.3.Final.jar;C:\_SpringBoot\repository\com\fasterxml\classmate\1.5.1\classmate-1.5.1.jar;C:\_SpringBoot\repository\org\dom4j\dom4j\2.1.3\dom4j-2.1.3.jar;C:\_SpringBoot\repository\org\hibernate\common\hibernate-commons-annotations\5.1.2.Final\hibernate-commons-annotations-5.1.2.Final.jar;C:\_SpringBoot\repository\org\glassfish\jaxb\jaxb-runtime\2.3.5\jaxb-runtime-2.3.5.jar;C:\_SpringBoot\repository\org\glassfish\jaxb\txw2\2.3.5\txw2-2.3.5.jar;C:\_SpringBoot\repository\com\sun\istack\istack-commons-runtime\3.0.12\ist
Launcher Type: SUN_STANDARD

[Global flags]
     intx CICompilerCount                          = 4                                         {product} {ergonomic}
     uint ConcGCThreads                            = 2                                         {product} {ergonomic}
     uint G1ConcRefinementThreads                  = 8                                         {product} {ergonomic}
   size_t G1HeapRegionSize                         = 1048576                                   {product} {ergonomic}
    uintx GCDrainStackTargetSize                   = 64                                        {product} {ergonomic}
   size_t InitialHeapSize                          = 268435456                                 {product} {ergonomic}
     bool ManagementServer                         = true                                      {product} {command line}
   size_t MarkStackSize                            = 4194304                                   {product} {ergonomic}
   size_t MaxHeapSize                              = 4265607168                                {product} {ergonomic}
   size_t MaxNewSize                               = 2558525440                                {product} {ergonomic}
   size_t MinHeapDeltaBytes                        = 1048576                                   {product} {ergonomic}
    uintx NonNMethodCodeHeapSize                   = 7549744                                {pd product} {ergonomic}
    uintx NonProfiledCodeHeapSize                  = 244108496                              {pd product} {ergonomic}
    uintx ProfiledCodeHeapSize                     = 0                                      {pd product} {ergonomic}
    uintx ReservedCodeCacheSize                    = 251658240                              {pd product} {ergonomic}
     bool SegmentedCodeCache                       = true                                      {product} {ergonomic}
     intx TieredStopAtLevel                        = 1                                         {product} {command line}
     bool UseCompressedClassPointers               = true                                 {lp64_product} {ergonomic}
     bool UseCompressedOops                        = true                                 {lp64_product} {ergonomic}
     bool UseG1GC                                  = true                                      {product} {ergonomic}
     bool UseLargePagesIndividualAllocation        = false                                  {pd product} {ergonomic}

Logging:
Log output configuration:
 #0: stdout all=warning uptime,level,tags
 #1: stderr all=off uptime,level,tags

Environment Variables:
JAVA_HOME=C:\_SpringBoot\jdk11
PATH=C:\_SpringBoot\jdk11\bin;C:\_SpringBoot\maven3\bin;C:\_SpringBoot\maven3\bin;C:\Program Files\Microsoft MPI\Bin\;C:\Windows\system32;C:\Windows;C:\Windows\System32\Wbem;C:\Windows\System32\WindowsPowerShell\v1.0\;C:\Windows\System32\OpenSSH\;C:\Program Files (x86)\Microsoft SQL Server\150\Tools\Binn\;C:\Program Files\Microsoft SQL Server\150\Tools\Binn\;C:\Program Files (x86)\Microsoft SQL Server\150\DTS\Binn\;C:\Program Files\Microsoft SQL Server\150\DTS\Binn\;C:\Program Files\Microsoft SQL Server\Client SDK\ODBC\170\Tools\Binn\;C:\Program Files\Azure Data Studio\bin;C:\DataSource\apache-maven-3.6.3\bin;C:\_SpringBoot\jdk11\bin;C:\Users\student\AppData\Local\Microsoft\WindowsApps;;C:\Program Files\Azure Data Studio\bin;C:\Users\student\AppData\Local\Programs\Microsoft VS Code\bin
USERNAME=student
OS=Windows_NT
PROCESSOR_IDENTIFIER=Intel64 Family 6 Model 158 Stepping 9, GenuineIntel



---------------  S Y S T E M  ---------------

OS: Windows 10 , 64 bit Build 19041 (10.0.19041.1202)
OS uptime: 5 days 16:17 hours

CPU:total 8 (initial active 8) (4 cores per cpu, 2 threads per core) family 6 model 158 stepping 9 microcode 0xb4, cmov, cx8, fxsr, mmx, sse, sse2, sse3, ssse3, sse4.1, sse4.2, popcnt, avx, avx2, aes, clmul, erms, 3dnowpref, lzcnt, ht, tsc, tscinvbit, bmi1, bmi2, adx, fma

Memory: 4k page, system-wide physical 16268M (4315M free)
TotalPageFile size 21197M (AvailPageFile size 5M)
current process WorkingSet (physical memory assigned to process): 275M, peak: 275M
current process commit charge ("private bytes"): 405M, peak: 457M

vm_info: OpenJDK 64-Bit Server VM (11.0.10+9-LTS) for windows-amd64 JRE (11.0.10+9-LTS), built on Jan 24 2021 18:39:01 by "" with MS VC++ 15.9 (VS2017)

END.
